<?xml version="1.0" encoding="UTF-8"?>
<!-- Generated by org.testng.reporters.JUnitXMLReporter -->
<testsuite ignored="1" hostname="LAPTOP-94074V2R" failures="0" tests="1" name="Default test" time="0.064" errors="0" timestamp="2024-11-09T12:34:43 IST">
  <testcase classname="listenerPractice.TestClass" name="testMethod1" time="0.011"/>
  <testcase classname="listenerPractice.TestClass" name="testMethod2" time="0.0">
    <ignored/>
  </testcase> <!-- testMethod2 -->
</testsuite> <!-- Default test -->
