<?xml version="1.0" encoding="UTF-8"?>
<!-- Generated by org.testng.reporters.JUnitXMLReporter -->
<testsuite ignored="0" hostname="LAPTOP-94074V2R" failures="0" tests="2" name="Test Runner3" time="0.101" errors="0" timestamp="2024-11-06T13:45:22 IST">
  <testcase classname="crossBrowserParallel.BaseClass" name="@BeforeClass classSetUp" time="-1.730880922692E9">
    <failure type="org.testng.TestNGException" message="
Parameter &amp;apos;Browser&amp;apos; is required by BeforeClass on method classSetUp but has not been marked @Optional or defined
in C:\Users\HP\Desktop\java programming\SeleniumM2\crossBrowserParallel.xml">
      <![CDATA[org.testng.TestNGException: 
Parameter 'Browser' is required by BeforeClass on method classSetUp but has not been marked @Optional or defined
in C:\Users\HP\Desktop\java programming\SeleniumM2\crossBrowserParallel.xml
at java.base/java.util.ArrayList.forEach(ArrayList.java:1597)
at java.base/java.util.concurrent.FutureTask.run(FutureTask.java:317)
at java.base/java.util.concurrent.ThreadPoolExecutor.runWorker(ThreadPoolExecutor.java:1144)
at java.base/java.util.concurrent.ThreadPoolExecutor$Worker.run(ThreadPoolExecutor.java:642)
at java.base/java.lang.Thread.run(Thread.java:1570)
... Removed 13 stack frames]]>
    </failure>
  </testcase> <!-- @BeforeClass classSetUp -->
  <testcase classname="crossBrowserParallel.BaseClass" name="@AfterClass classTearDown" time="-1.73088092274E9">
    <skipped/>
  </testcase> <!-- @AfterClass classTearDown -->
  <testcase classname="crossBrowserParallel.BaseClass" name="@BeforeClass classSetUp" time="-1.730880922756E9">
    <failure type="org.testng.TestNGException" message="
Parameter &amp;apos;Browser&amp;apos; is required by BeforeClass on method classSetUp but has not been marked @Optional or defined
in C:\Users\HP\Desktop\java programming\SeleniumM2\crossBrowserParallel.xml">
      <![CDATA[org.testng.TestNGException: 
Parameter 'Browser' is required by BeforeClass on method classSetUp but has not been marked @Optional or defined
in C:\Users\HP\Desktop\java programming\SeleniumM2\crossBrowserParallel.xml
at java.base/java.util.ArrayList.forEach(ArrayList.java:1597)
at java.base/java.util.concurrent.FutureTask.run(FutureTask.java:317)
at java.base/java.util.concurrent.ThreadPoolExecutor.runWorker(ThreadPoolExecutor.java:1144)
at java.base/java.util.concurrent.ThreadPoolExecutor$Worker.run(ThreadPoolExecutor.java:642)
at java.base/java.lang.Thread.run(Thread.java:1570)
... Removed 13 stack frames]]>
    </failure>
  </testcase> <!-- @BeforeClass classSetUp -->
  <testcase classname="crossBrowserParallel.BaseClass" name="@AfterClass classTearDown" time="-1.730880922765E9">
    <skipped/>
  </testcase> <!-- @AfterClass classTearDown -->
  <testcase classname="crossBrowserParallel.Test2" name="swiggyTest" time="0.0">
    <skipped/>
  </testcase> <!-- swiggyTest -->
  <testcase classname="crossBrowserParallel.Test1" name="googleTest" time="0.0">
    <skipped/>
  </testcase> <!-- googleTest -->
</testsuite> <!-- Test Runner3 -->
